<?xml version="1.0" encoding="UTF-8"?>
<!-- Generated by org.testng.reporters.JUnitXMLReporter -->
<testsuite hostname="PC-20180129VJQF" ignored="0" name="Default test" tests="3" failures="0" timestamp="01 五月 2018 13:40:21 GMT" time="2.846" errors="0">
  <testcase name="testSearcheBook" time="0.233" classname="com.pinke.tests.SearchBookApiTest"/>
  <testcase name="testSearcheBook" time="0.109" classname="com.pinke.tests.SearchBookApiTest"/>
  <testcase name="testSearcheBook" time="0.139" classname="com.pinke.tests.SearchBookApiTest"/>
</testsuite> <!-- Default test -->
